<?xml version="1.0" encoding="UTF-8"?>
<!-- Generated by org.testng.reporters.JUnitXMLReporter -->
<testsuite ignored="0" hostname="JCS" failures="4" tests="5" name="BankingLoginTest" time="26.024" errors="0" timestamp="2024-02-06T15:55:13 IST">
  <testcase classname="com.Banking.TestCases.TC_LoginDDT_002" name="LoginDDT" time="4.476"/>
  <testcase classname="com.Banking.TestCases.TC_LoginDDT_002" name="LoginDDT" time="1.494">
    <failure type="java.lang.AssertionError" message="expected [true] but found [false]">
      <![CDATA[java.lang.AssertionError: expected [true] but found [false]
at com.Banking.TestCases.TC_LoginDDT_002.LoginDDT(TC_LoginDDT_002.java:26)
at java.base/java.util.ArrayList.forEach(ArrayList.java:1511)
... Removed 31 stack frames]]>
    </failure>
  </testcase> <!-- LoginDDT -->
  <testcase classname="com.Banking.TestCases.TC_LoginDDT_002" name="LoginDDT" time="1.797">
    <failure type="java.lang.AssertionError" message="expected [true] but found [false]">
      <![CDATA[java.lang.AssertionError: expected [true] but found [false]
at com.Banking.TestCases.TC_LoginDDT_002.LoginDDT(TC_LoginDDT_002.java:26)
at java.base/java.util.ArrayList.forEach(ArrayList.java:1511)
... Removed 31 stack frames]]>
    </failure>
  </testcase> <!-- LoginDDT -->
  <testcase classname="com.Banking.TestCases.TC_LoginDDT_002" name="LoginDDT" time="1.547">
    <failure type="java.lang.AssertionError" message="expected [true] but found [false]">
      <![CDATA[java.lang.AssertionError: expected [true] but found [false]
at com.Banking.TestCases.TC_LoginDDT_002.LoginDDT(TC_LoginDDT_002.java:26)
at java.base/java.util.ArrayList.forEach(ArrayList.java:1511)
... Removed 31 stack frames]]>
    </failure>
  </testcase> <!-- LoginDDT -->
  <testcase classname="com.Banking.TestCases.TC_LoginDDT_002" name="LoginDDT" time="2.278">
    <failure type="java.lang.AssertionError" message="expected [true] but found [false]">
      <![CDATA[java.lang.AssertionError: expected [true] but found [false]
at com.Banking.TestCases.TC_LoginDDT_002.LoginDDT(TC_LoginDDT_002.java:26)
at java.base/java.util.ArrayList.forEach(ArrayList.java:1511)
... Removed 31 stack frames]]>
    </failure>
  </testcase> <!-- LoginDDT -->
</testsuite> <!-- BankingLoginTest -->
